\BOOKMARK [0][-]{chapter*.1}{\376\377\000A\000b\000s\000t\000r\000a\000c\000t}{}% 1
\BOOKMARK [0][-]{chapter*.2}{\376\377\000C\000o\000d\000e\000\040\000a\000n\000d\000\040\000D\000a\000t\000a\000\040\000A\000v\000a\000i\000l\000a\000b\000i\000l\000i\000t\000y}{}% 2
\BOOKMARK [0][-]{section*.8}{\376\377\000L\000i\000s\000t\000\040\000o\000f\000\040\000F\000i\000g\000u\000r\000e\000s}{}% 3
\BOOKMARK [0][-]{section*.10}{\376\377\000L\000i\000s\000t\000\040\000o\000f\000\040\000T\000a\000b\000l\000e\000s}{}% 4
\BOOKMARK [0][-]{chapter*.13}{\376\377\000N\000o\000t\000a\000t\000i\000o\000n\000\040\000G\000l\000o\000s\000s\000a\000r\000y}{}% 5
\BOOKMARK [0][-]{chapter*.29}{\376\377\000A\000c\000r\000o\000n\000y\000m\000s}{}% 6
\BOOKMARK [0][-]{chapter*.30}{\376\377\000M\000a\000s\000t\000e\000r\000\040\000T\000O\000D\000O\000s}{}% 7
\BOOKMARK [0][-]{chapter.39}{\376\377\000S\000y\000s\000t\000e\000m\000s\000\040\000B\000l\000u\000e\000p\000r\000i\000n\000t}{}% 8
\BOOKMARK [1][-]{section.40}{\376\377\000N\000i\000g\000h\000t\000l\000y\000\040\000E\000T\000L\000:\000\040\000I\000d\000e\000m\000p\000o\000t\000e\000n\000t\000\040\000I\000n\000g\000e\000s\000t\000i\000o\000n}{chapter.39}% 9
\BOOKMARK [1][-]{section.49}{\376\377\000A\000s\000-\000O\000f\000\040\000F\000e\000a\000t\000u\000r\000e\000\040\000S\000n\000a\000p\000s\000h\000o\000t}{chapter.39}% 10
\BOOKMARK [1][-]{section.56}{\376\377\000K\000e\000y\000-\000N\000u\000m\000b\000e\000r\000\040\000R\000e\000w\000e\000i\000g\000h\000t\000i\000n\000g\000\040\000\050\000K\000L\000-\000T\000i\000l\000t\000i\000n\000g\000\051}{chapter.39}% 11
\BOOKMARK [1][-]{section.64}{\376\377\000O\000P\000E\000\040\000G\000a\000t\000e\000\040\000a\000n\000d\000\040\000P\000r\000o\000m\000o\000t\000i\000o\000n}{chapter.39}% 12
\BOOKMARK [1][-]{section.72}{\376\377\000S\000t\000a\000k\000e\000\040\000S\000i\000z\000i\000n\000g\000:\000\040\000K\000e\000l\000l\000y\000\040\000L\000C\000B\000\040\000+\000\040\000C\000V\000a\000R}{chapter.39}% 13
\BOOKMARK [1][-]{section.78}{\376\377\000S\000i\000m\000u\000l\000a\000t\000o\000r\000\040\000A\000c\000c\000e\000p\000t\000a\000n\000c\000e\000\040\000T\000e\000s\000t\000s}{chapter.39}% 14
\BOOKMARK [1][-]{section.84}{\376\377\000M\000o\000n\000i\000t\000o\000r\000i\000n\000g\000\040\000a\000n\000d\000\040\000R\000o\000l\000l\000b\000a\000c\000k}{chapter.39}% 15
\BOOKMARK [1][-]{section.89}{\376\377\000I\000n\000t\000e\000r\000f\000a\000c\000e\000s\000\040\000a\000n\000d\000\040\000A\000r\000t\000i\000f\000a\000c\000t\000s}{chapter.39}% 16
\BOOKMARK [0][-]{chapter.90}{\376\377\000P\000r\000o\000d\000u\000c\000t\000i\000o\000n\000i\000z\000a\000t\000i\000o\000n\000\040\000G\000u\000i\000d\000e}{}% 17
\BOOKMARK [1][-]{section.91}{\376\377\000A\000r\000c\000h\000i\000t\000e\000c\000t\000u\000r\000e\000\040\000O\000v\000e\000r\000v\000i\000e\000w}{chapter.90}% 18
\BOOKMARK [1][-]{section.92}{\376\377\000R\000e\000f\000e\000r\000e\000n\000c\000e\000\040\000I\000n\000f\000r\000a\000s\000t\000r\000u\000c\000t\000u\000r\000e}{chapter.90}% 19
\BOOKMARK [2][-]{subsection.93}{\376\377\000C\000l\000o\000u\000d\000\040\000A\000r\000c\000h\000i\000t\000e\000c\000t\000u\000r\000e\000\040\000\050\000A\000W\000S\000\040\000e\000x\000a\000m\000p\000l\000e\000\051}{section.92}% 20
\BOOKMARK [2][-]{subsection.99}{\376\377\000L\000o\000c\000a\000l\000\040\000D\000e\000v\000e\000l\000o\000p\000m\000e\000n\000t\000\040\000S\000e\000t\000u\000p}{section.92}% 21
\BOOKMARK [1][-]{section.112}{\376\377\000L\000a\000n\000g\000u\000a\000g\000e\000s\000,\000\040\000R\000u\000n\000t\000i\000m\000e\000s\000,\000\040\000a\000n\000d\000\040\000P\000a\000c\000k\000a\000g\000i\000n\000g}{chapter.90}% 22
\BOOKMARK [1][-]{section.113}{\376\377\000D\000a\000t\000a\000\040\000C\000o\000n\000t\000r\000a\000c\000t\000s\000\040\000\046\000\040\000S\000c\000h\000e\000m\000a\000s}{chapter.90}% 23
\BOOKMARK [1][-]{section.114}{\376\377\000P\000i\000p\000e\000l\000i\000n\000e\000s\000\040\000\046\000\040\000S\000c\000h\000e\000d\000u\000l\000i\000n\000g}{chapter.90}% 24
\BOOKMARK [1][-]{section.115}{\376\377\000A\000r\000t\000i\000f\000a\000c\000t\000s\000\040\000\046\000\040\000R\000e\000g\000i\000s\000t\000r\000y}{chapter.90}% 25
\BOOKMARK [1][-]{section.116}{\376\377\000M\000o\000n\000i\000t\000o\000r\000i\000n\000g\000\040\000\046\000\040\000S\000L\000O\000s}{chapter.90}% 26
\BOOKMARK [1][-]{section.117}{\376\377\000S\000e\000c\000u\000r\000i\000t\000y\000\040\000\046\000\040\000G\000o\000v\000e\000r\000n\000a\000n\000c\000e}{chapter.90}% 27
\BOOKMARK [1][-]{section.118}{\376\377\000R\000u\000n\000b\000o\000o\000k\000s}{chapter.90}% 28
\BOOKMARK [1][-]{section.129}{\376\377\000H\000a\000n\000d\000o\000v\000e\000r\000:\000\040\000S\000E\000\040\000T\000a\000s\000k\000s\000\040\000\046\000\040\000M\000i\000l\000e\000s\000t\000o\000n\000e\000s}{chapter.90}% 29
\BOOKMARK [1][-]{section.136}{\376\377\000D\000e\000v\000e\000l\000o\000p\000e\000r\000\040\000E\000x\000p\000e\000r\000i\000e\000n\000c\000e}{chapter.90}% 30
\BOOKMARK [0][-]{chapter.137}{\376\377\000I\000n\000t\000r\000o\000d\000u\000c\000t\000i\000o\000n\000\040\000a\000n\000d\000\040\000M\000o\000t\000i\000v\000a\000t\000i\000o\000n}{}% 31
\BOOKMARK [1][-]{section.138}{\376\377\000W\000h\000y\000\040\000F\000o\000c\000u\000s\000\040\000o\000n\000\040\000t\000h\000e\000\040\000N\000F\000L}{chapter.137}% 32
\BOOKMARK [1][-]{section.139}{\376\377\000R\000e\000s\000e\000a\000r\000c\000h\000\040\000Q\000u\000e\000s\000t\000i\000o\000n\000s\000\040\000a\000n\000d\000\040\000O\000b\000j\000e\000c\000t\000i\000v\000e\000s}{chapter.137}% 33
\BOOKMARK [1][-]{section.144}{\376\377\000S\000c\000o\000p\000e\000\040\000a\000n\000d\000\040\000B\000o\000u\000n\000d\000a\000r\000i\000e\000s}{chapter.137}% 34
\BOOKMARK [1][-]{section.145}{\376\377\000T\000h\000e\000s\000i\000s\000\040\000S\000t\000a\000t\000e\000m\000e\000n\000t\000\040\000a\000n\000d\000\040\000H\000y\000p\000o\000t\000h\000e\000s\000e\000s}{chapter.137}% 35
\BOOKMARK [2][-]{subsection.150}{\376\377\000M\000e\000t\000h\000o\000d\000o\000l\000o\000g\000i\000c\000a\000l\000\040\000C\000o\000n\000t\000r\000i\000b\000u\000t\000i\000o\000n\000s}{section.145}% 36
\BOOKMARK [1][-]{section.155}{\376\377\000R\000e\000p\000r\000o\000d\000u\000c\000i\000b\000i\000l\000i\000t\000y\000\040\000a\000n\000d\000\040\000E\000t\000h\000i\000c\000s}{chapter.137}% 37
\BOOKMARK [1][-]{section.156}{\376\377\000C\000h\000a\000p\000t\000e\000r\000\040\000S\000u\000m\000m\000a\000r\000y}{chapter.137}% 38
\BOOKMARK [1][-]{section.157}{\376\377\000D\000i\000s\000s\000e\000r\000t\000a\000t\000i\000o\000n\000\040\000S\000t\000r\000u\000c\000t\000u\000r\000e}{chapter.137}% 39
\BOOKMARK [1][-]{section.158}{\376\377\000T\000e\000c\000h\000n\000i\000c\000a\000l\000\040\000A\000p\000p\000r\000o\000a\000c\000h\000\040\000O\000v\000e\000r\000v\000i\000e\000w}{chapter.137}% 40
\BOOKMARK [1][-]{section.159}{\376\377\000G\000l\000o\000s\000s\000a\000r\000y\000\040\000o\000f\000\040\000K\000e\000y\000\040\000T\000e\000r\000m\000s}{chapter.137}% 41
\BOOKMARK [1][-]{section*.160}{\376\377\000C\000h\000a\000p\000t\000e\000r\000\040\000S\000u\000m\000m\000a\000r\000y}{chapter.137}% 42
\BOOKMARK [0][-]{chapter.161}{\376\377\000L\000i\000t\000e\000r\000a\000t\000u\000r\000e\000\040\000R\000e\000v\000i\000e\000w\000\040\000a\000n\000d\000\040\000M\000e\000t\000h\000o\000d\000o\000l\000o\000g\000i\000c\000a\000l\000\040\000F\000o\000u\000n\000d\000a\000t\000i\000o\000n\000s}{}% 43
\BOOKMARK [1][-]{section.163}{\376\377\000C\000a\000n\000o\000n\000i\000c\000a\000l\000\040\000F\000o\000u\000n\000d\000a\000t\000i\000o\000n\000s}{chapter.161}% 44
\BOOKMARK [2][-]{subsection.164}{\376\377\000H\000a\000r\000v\000i\000l\000l\000e\000\040\000\050\0001\0009\0008\0000\000\051\000:\000\040\000L\000i\000n\000e\000a\000r\000-\000M\000o\000d\000e\000l\000\040\000P\000r\000e\000d\000i\000c\000t\000i\000o\000n\000s\000\040\000f\000o\000r\000\040\000N\000F\000L}{section.163}% 45
\BOOKMARK [2][-]{subsection.166}{\376\377\000S\000t\000e\000r\000n\000\040\000\050\0001\0009\0009\0001\000\051\000:\000\040\000S\000p\000r\000e\000a\000d\000-\000t\000o\000-\000W\000i\000n\000\040\000M\000a\000p\000p\000i\000n\000g}{section.163}% 46
\BOOKMARK [2][-]{subsection.167}{\376\377\000G\000l\000i\000c\000k\000m\000a\000n\000\040\000\046\000\040\000S\000t\000e\000r\000n\000\040\000\050\0001\0009\0009\0008\000\051\000:\000\040\000S\000t\000a\000t\000e\000-\000S\000p\000a\000c\000e\000\040\000T\000e\000a\000m\000\040\000R\000a\000t\000i\000n\000g\000s}{section.163}% 47
\BOOKMARK [2][-]{subsection.170}{\376\377\000M\000a\000h\000e\000r\000\040\000\050\0001\0009\0008\0002\000\051\000:\000\040\000P\000o\000i\000s\000s\000o\000n\000\040\000G\000o\000a\000l\000s\000\040\000M\000o\000d\000e\000l}{section.163}% 48
\BOOKMARK [2][-]{subsection.171}{\376\377\000D\000i\000x\000o\000n\000\040\000\046\000\040\000C\000o\000l\000e\000s\000\040\000\050\0001\0009\0009\0007\000\051\000:\000\040\000D\000e\000p\000e\000n\000d\000e\000n\000c\000e\000\040\000a\000n\000d\000\040\000L\000o\000w\000-\000S\000c\000o\000r\000e\000\040\000A\000d\000j\000u\000s\000t\000m\000e\000n\000t\000s}{section.163}% 49
\BOOKMARK [2][-]{subsection.172}{\376\377\000K\000a\000r\000l\000i\000s\000\040\000\046\000\040\000N\000t\000z\000o\000u\000f\000r\000a\000s\000\040\000\050\0002\0000\0000\0003\000\051\000:\000\040\000B\000i\000v\000a\000r\000i\000a\000t\000e\000\040\000P\000o\000i\000s\000s\000o\000n}{section.163}% 50
\BOOKMARK [2][-]{subsection.173}{\376\377\000K\000o\000o\000p\000m\000a\000n\000,\000\040\000L\000i\000t\000\040\000\046\000\040\000L\000u\000c\000a\000s\000\040\000\050\0002\0000\0001\0005\000\051\000:\000\040\000D\000y\000n\000a\000m\000i\000c\000\040\000B\000i\000v\000a\000r\000i\000a\000t\000e\000\040\000P\000o\000i\000s\000s\000o\000n}{section.163}% 51
\BOOKMARK [2][-]{subsection.174}{\376\377\000S\000k\000e\000l\000l\000a\000m\000\040\000\050\0001\0009\0004\0006\000\051\000:\000\040\000D\000i\000f\000f\000e\000r\000e\000n\000c\000e\000\040\000o\000f\000\040\000T\000w\000o\000\040\000P\000o\000i\000s\000s\000o\000n\000s}{section.163}% 52
\BOOKMARK [2][-]{subsection.175}{\376\377\000G\000n\000e\000i\000t\000i\000n\000g\000\040\000\046\000\040\000R\000a\000f\000t\000e\000r\000y\000\040\000\050\0002\0000\0000\0007\000\051\000:\000\040\000P\000r\000o\000p\000e\000r\000\040\000S\000c\000o\000r\000i\000n\000g\000\040\000R\000u\000l\000e\000s}{section.163}% 53
\BOOKMARK [1][-]{section.177}{\376\377\000S\000c\000o\000r\000e\000\040\000a\000n\000d\000\040\000M\000a\000r\000g\000i\000n\000\040\000D\000i\000s\000t\000r\000i\000b\000u\000t\000i\000o\000n\000s}{chapter.161}% 54
\BOOKMARK [2][-]{subsection.178}{\376\377\000S\000k\000e\000l\000l\000a\000m\000\040\000d\000i\000s\000t\000r\000i\000b\000u\000t\000i\000o\000n\000:\000\040\000c\000o\000n\000s\000t\000r\000u\000c\000t\000i\000o\000n\000\040\000a\000n\000d\000\040\000m\000o\000m\000e\000n\000t\000s}{section.177}% 55
\BOOKMARK [2][-]{subsection.182}{\376\377\000B\000i\000v\000a\000r\000i\000a\000t\000e\000\040\000P\000o\000i\000s\000s\000o\000n\000:\000\040\000p\000m\000f\000,\000\040\000l\000i\000k\000e\000l\000i\000h\000o\000o\000d\000,\000\040\000a\000n\000d\000\040\000E\000M\000\040\000u\000p\000d\000a\000t\000e\000s}{section.177}% 56
\BOOKMARK [1][-]{section.188}{\376\377\000F\000r\000o\000m\000\040\000S\000p\000r\000e\000a\000d\000s\000\040\000a\000n\000d\000\040\000T\000o\000t\000a\000l\000s\000\040\000t\000o\000\040\000P\000r\000o\000b\000a\000b\000i\000l\000i\000t\000i\000e\000s}{chapter.161}% 57
\BOOKMARK [2][-]{subsection.189}{\376\377\000S\000t\000e\000r\000n\040\031\000s\000\040\000s\000p\000r\000e\000a\000d\000-\000t\000o\000-\000w\000i\000n\000\040\000m\000a\000p\000:\000\040\000f\000u\000l\000l\000\040\000d\000e\000r\000i\000v\000a\000t\000i\000o\000n}{section.188}% 58
\BOOKMARK [2][-]{subsection.192}{\376\377\000D\000i\000x\000o\000n\040\023\000C\000o\000l\000e\000s\000\040\000l\000o\000w\000-\000s\000c\000o\000r\000e\000\040\000a\000d\000j\000u\000s\000t\000m\000e\000n\000t\000\040\000v\000s\000\040\000k\000e\000y\000-\000n\000u\000m\000b\000e\000r\000\040\000r\000e\000w\000e\000i\000g\000h\000t\000i\000n\000g}{section.188}% 59
\BOOKMARK [2][-]{subsection.193}{\376\377\000K\000e\000y\000-\000n\000u\000m\000b\000e\000r\000\040\000r\000e\000w\000e\000i\000g\000h\000t\000i\000n\000g\000\040\000a\000s\000\040\000c\000o\000n\000s\000t\000r\000a\000i\000n\000e\000d\000\040\000p\000r\000o\000j\000e\000c\000t\000i\000o\000n}{section.188}% 60
\BOOKMARK [1][-]{section.208}{\376\377\000P\000a\000i\000r\000e\000d\000-\000C\000o\000m\000p\000a\000r\000i\000s\000o\000n\000\040\000a\000n\000d\000\040\000D\000y\000n\000a\000m\000i\000c\000\040\000R\000a\000t\000i\000n\000g\000\040\000M\000o\000d\000e\000l\000s}{chapter.161}% 61
\BOOKMARK [2][-]{subsection.209}{\376\377\000K\000a\000l\000m\000a\000n\000\040\000f\000i\000l\000t\000e\000r\000\040\000e\000q\000u\000a\000t\000i\000o\000n\000s\000\040\000a\000n\000d\000\040\000w\000o\000r\000k\000e\000d\000\040\000e\000x\000a\000m\000p\000l\000e}{section.208}% 62
\BOOKMARK [1][-]{section.212}{\376\377\000D\000e\000p\000e\000n\000d\000e\000n\000c\000e\000\040\000B\000e\000t\000w\000e\000e\000n\000\040\000M\000a\000r\000g\000i\000n\000\040\000a\000n\000d\000\040\000T\000o\000t\000a\000l}{chapter.161}% 63
\BOOKMARK [2][-]{subsection.213}{\376\377\000S\000p\000r\000e\000a\000d\040\023\000T\000o\000t\000a\000l\000\040\000D\000e\000p\000e\000n\000d\000e\000n\000c\000e\000\040\000v\000i\000a\000\040\000C\000o\000p\000u\000l\000a\000s}{section.212}% 64
\BOOKMARK [1][-]{section.230}{\376\377\000T\000a\000i\000l\000\040\000R\000e\000f\000i\000n\000e\000m\000e\000n\000t\000s\000\040\000a\000n\000d\000\040\000A\000p\000p\000r\000o\000x\000i\000m\000a\000t\000i\000o\000n\000s}{chapter.161}% 65
\BOOKMARK [2][-]{subsection.231}{\376\377\000E\000d\000g\000e\000w\000o\000r\000t\000h\000\040\000a\000n\000d\000\040\000s\000a\000d\000d\000l\000e\000p\000o\000i\000n\000t\000\040\000t\000a\000i\000l\000\040\000r\000e\000f\000i\000n\000e\000m\000e\000n\000t}{section.230}% 66
\BOOKMARK [2][-]{subsection.233}{\376\377\000R\000e\000s\000t\000r\000i\000c\000t\000e\000d\000\040\000E\000M\000\040\000f\000o\000r\000\040\000S\000k\000e\000l\000l\000a\000m\000\040\000u\000n\000d\000e\000r\000\040\000k\000e\000y\000\040\000c\000o\000n\000s\000t\000r\000a\000i\000n\000t\000s}{section.230}% 67
\BOOKMARK [1][-]{section.235}{\376\377\000C\000a\000l\000i\000b\000r\000a\000t\000i\000o\000n\000,\000\040\000S\000c\000o\000r\000i\000n\000g\000\040\000\046\000\040\000U\000n\000c\000e\000r\000t\000a\000i\000n\000t\000y}{chapter.161}% 68
\BOOKMARK [2][-]{subsection.236}{\376\377\000S\000c\000o\000r\000i\000n\000g\000\040\000R\000u\000l\000e\000s}{section.235}% 69
\BOOKMARK [2][-]{subsection.238}{\376\377\000U\000n\000c\000e\000r\000t\000a\000i\000n\000t\000y\000\040\000Q\000u\000a\000n\000t\000i\000f\000i\000c\000a\000t\000i\000o\000n}{section.235}% 70
\BOOKMARK [2][-]{subsection.239}{\376\377\000E\000v\000a\000l\000u\000a\000t\000i\000o\000n\000\040\000P\000r\000o\000t\000o\000c\000o\000l\000s}{section.235}% 71
\BOOKMARK [2][-]{subsection.240}{\376\377\000R\000o\000b\000u\000s\000t\000n\000e\000s\000s\000\040\000C\000h\000e\000c\000k\000s}{section.235}% 72
\BOOKMARK [1][-]{section.241}{\376\377\000M\000a\000c\000h\000i\000n\000e\000\040\000L\000e\000a\000r\000n\000i\000n\000g\000\040\000M\000o\000d\000e\000l\000s\000\040\000i\000n\000\040\000N\000F\000L\000\040\000P\000r\000e\000d\000i\000c\000t\000i\000o\000n}{chapter.161}% 73
\BOOKMARK [2][-]{subsection.242}{\376\377\000V\000i\000g\000o\000r\000i\000s\000h\000\040\000r\000e\000m\000o\000v\000a\000l\000\040\000a\000n\000d\000\040\000C\000B\000V}{section.241}% 74
\BOOKMARK [2][-]{subsection.243}{\376\377\000F\000e\000a\000t\000u\000r\000e\000\040\000S\000e\000t\000s\000\040\000a\000n\000d\000\040\000I\000n\000t\000e\000r\000a\000c\000t\000i\000o\000n\000s}{section.241}% 75
\BOOKMARK [2][-]{subsection.245}{\376\377\000R\000e\000g\000u\000l\000a\000r\000i\000z\000a\000t\000i\000o\000n\000,\000\040\000C\000a\000l\000i\000b\000r\000a\000t\000i\000o\000n\000\040\000\046\000\040\000R\000o\000b\000u\000s\000t\000n\000e\000s\000s}{section.241}% 76
\BOOKMARK [1][-]{section.246}{\376\377\000R\000e\000i\000n\000f\000o\000r\000c\000e\000m\000e\000n\000t\000\040\000L\000e\000a\000r\000n\000i\000n\000g\000\040\000f\000o\000r\000\040\000B\000e\000t\000t\000i\000n\000g}{chapter.161}% 77
\BOOKMARK [2][-]{subsection.247}{\376\377\000M\000D\000P\000\040\000F\000o\000r\000m\000u\000l\000a\000t\000i\000o\000n\000\040\000f\000o\000r\000\040\000B\000e\000t\000t\000i\000n\000g}{section.246}% 78
\BOOKMARK [2][-]{subsection.248}{\376\377\000R\000L\000\040\000A\000l\000g\000o\000r\000i\000t\000h\000m\000s\000\040\000a\000n\000d\000\040\000O\000f\000f\000l\000i\000n\000e\000\040\000T\000r\000a\000i\000n\000i\000n\000g}{section.246}% 79
\BOOKMARK [2][-]{subsection.249}{\376\377\000O\000f\000f\000-\000P\000o\000l\000i\000c\000y\000\040\000E\000v\000a\000l\000u\000a\000t\000i\000o\000n}{section.246}% 80
\BOOKMARK [1][-]{section.250}{\376\377\000G\000a\000m\000e\000-\000T\000h\000e\000o\000r\000e\000t\000i\000c\000\040\000F\000o\000u\000n\000d\000a\000t\000i\000o\000n\000s}{chapter.161}% 81
\BOOKMARK [2][-]{subsection.251}{\376\377\000W\000h\000y\000\040\000g\000a\000m\000e\000\040\000t\000h\000e\000o\000r\000y\000\040\000h\000e\000r\000e\000?}{section.250}% 82
\BOOKMARK [2][-]{subsection.252}{\376\377\000M\000a\000t\000h\000e\000m\000a\000t\000i\000c\000a\000l\000\040\000f\000r\000a\000m\000i\000n\000g}{section.250}% 83
\BOOKMARK [2][-]{subsection.253}{\376\377\000N\000F\000L\000\040\000m\000a\000r\000k\000e\000t\000\040\000a\000p\000p\000l\000i\000c\000a\000t\000i\000o\000n\000s}{section.250}% 84
\BOOKMARK [2][-]{subsection.254}{\376\377\000T\000e\000s\000t\000a\000b\000l\000e\000\040\000i\000m\000p\000l\000i\000c\000a\000t\000i\000o\000n\000s}{section.250}% 85
\BOOKMARK [1][-]{section.255}{\376\377\000B\000e\000t\000t\000i\000n\000g\000\040\000M\000a\000r\000k\000e\000t\000\040\000T\000h\000e\000o\000r\000y\000\040\000\046\000\040\000M\000i\000c\000r\000o\000s\000t\000r\000u\000c\000t\000u\000r\000e}{chapter.161}% 86
\BOOKMARK [2][-]{subsection.256}{\376\377\000E\000c\000o\000n\000o\000m\000i\000c\000s\000\040\000o\000f\000\040\000W\000a\000g\000e\000r\000i\000n\000g\000\040\000M\000a\000r\000k\000e\000t\000s}{section.255}% 87
\BOOKMARK [2][-]{subsection.257}{\376\377\000C\000l\000o\000s\000i\000n\000g\000-\000L\000i\000n\000e\000\040\000E\000f\000f\000i\000c\000i\000e\000n\000c\000y\000\040\000a\000n\000d\000\040\000B\000i\000a\000s\000e\000s}{section.255}% 88
\BOOKMARK [2][-]{subsection.258}{\376\377\000C\000r\000o\000s\000s\000-\000M\000a\000r\000k\000e\000t\000\040\000D\000e\000p\000e\000n\000d\000e\000n\000c\000e}{section.255}% 89
\BOOKMARK [2][-]{subsection.259}{\376\377\000M\000a\000r\000k\000e\000t\000\040\000a\000s\000\040\000S\000i\000g\000n\000a\000l\000\040\000a\000n\000d\000\040\000B\000e\000n\000c\000h\000m\000a\000r\000k}{section.255}% 90
\BOOKMARK [1][-]{section.260}{\376\377\000D\000e\000s\000i\000g\000n\000\040\000S\000y\000n\000t\000h\000e\000s\000i\000s\000\040\000a\000n\000d\000\040\000I\000m\000p\000l\000i\000c\000a\000t\000i\000o\000n\000s}{chapter.161}% 91
\BOOKMARK [1][-]{section.269}{\376\377\000A\000n\000n\000o\000t\000a\000t\000e\000d\000\040\000R\000e\000a\000d\000i\000n\000g\000\040\000L\000i\000s\000t}{chapter.161}% 92
\BOOKMARK [1][-]{section.270}{\376\377\000C\000a\000n\000o\000n\000i\000c\000a\000l\000\040\000W\000o\000r\000k\000s\000\040\000I\000n\000t\000e\000g\000r\000a\000t\000e\000d}{chapter.161}% 93
\BOOKMARK [1][-]{section.271}{\376\377\000C\000l\000a\000s\000s\000i\000c\000a\000l\000\040\000v\000s\000\040\000M\000o\000d\000e\000r\000n\000:\000\040\000A\000\040\000C\000o\000m\000p\000a\000r\000a\000t\000i\000v\000e\000\040\000S\000y\000n\000t\000h\000e\000s\000i\000s}{chapter.161}% 94
\BOOKMARK [2][-]{subsection.272}{\376\377\000W\000h\000e\000n\000\040\000C\000l\000a\000s\000s\000i\000c\000a\000l\000\040\000W\000i\000n\000s}{section.271}% 95
\BOOKMARK [2][-]{subsection.273}{\376\377\000W\000h\000e\000n\000\040\000M\000L\000\040\000W\000i\000n\000s}{section.271}% 96
\BOOKMARK [2][-]{subsection.274}{\376\377\000B\000r\000i\000d\000g\000i\000n\000g\000\040\000t\000o\000\040\000D\000e\000c\000i\000s\000i\000o\000n\000\040\000V\000a\000l\000u\000e}{section.271}% 97
\BOOKMARK [1][-]{section.275}{\376\377\000F\000r\000o\000m\000\040\000S\000c\000o\000r\000e\000\040\000D\000i\000s\000t\000r\000i\000b\000u\000t\000i\000o\000n\000s\000\040\000t\000o\000\040\000S\000t\000r\000a\000t\000e\000g\000y}{chapter.161}% 98
\BOOKMARK [1][-]{section.276}{\376\377\000C\000a\000l\000i\000b\000r\000a\000t\000i\000o\000n\000\040\000T\000h\000e\000o\000r\000y\000\040\000a\000n\000d\000\040\000S\000c\000o\000r\000i\000n\000g\000\040\000R\000u\000l\000e\000s}{chapter.161}% 99
\BOOKMARK [1][-]{section.277}{\376\377\000M\000a\000p\000p\000i\000n\000g\000\040\000M\000o\000d\000e\000l\000s\000\040\000t\000o\000\040\000D\000e\000c\000i\000s\000i\000o\000n\000\040\000V\000a\000l\000u\000e}{chapter.161}% 100
\BOOKMARK [1][-]{section.278}{\376\377\000M\000a\000r\000k\000e\000t\000\040\000E\000f\000f\000i\000c\000i\000e\000n\000c\000y\000\040\000a\000n\000d\000\040\000B\000i\000a\000s\000\040\000T\000e\000s\000t\000s}{chapter.161}% 101
\BOOKMARK [1][-]{section.279}{\376\377\000S\000y\000n\000t\000h\000e\000s\000i\000s\000\040\000a\000n\000d\000\040\000O\000p\000e\000n\000\040\000Q\000u\000e\000s\000t\000i\000o\000n\000s}{chapter.161}% 102
\BOOKMARK [1][-]{section.280}{\376\377\000R\000e\000l\000a\000t\000e\000d\000\040\000W\000o\000r\000k\000\040\000B\000e\000y\000o\000n\000d\000\040\000F\000o\000o\000t\000b\000a\000l\000l}{chapter.161}% 103
\BOOKMARK [1][-]{section.281}{\376\377\000E\000x\000t\000e\000n\000d\000e\000d\000\040\000N\000o\000t\000e\000s\000\040\000o\000n\000\040\000C\000a\000l\000i\000b\000r\000a\000t\000i\000o\000n}{chapter.161}% 104
\BOOKMARK [1][-]{section.282}{\376\377\000L\000i\000q\000u\000i\000d\000i\000t\000y\000,\000\040\000L\000i\000m\000i\000t\000s\000,\000\040\000a\000n\000d\000\040\000E\000x\000e\000c\000u\000t\000i\000o\000n}{chapter.161}% 105
\BOOKMARK [1][-]{section.283}{\376\377\000T\000e\000a\000s\000e\000r\000s\000\040\000a\000n\000d\000\040\000P\000a\000r\000l\000a\000y\000s}{chapter.161}% 106
\BOOKMARK [2][-]{subsection.284}{\376\377\000C\000R\000P\000S\000\040\000o\000n\000\040\000l\000a\000t\000t\000i\000c\000e\000s\000:\000\040\000p\000r\000o\000p\000r\000i\000e\000t\000y\000\040\000s\000k\000e\000t\000c\000h}{section.283}% 107
\BOOKMARK [1][-]{section*.286}{\376\377\000C\000h\000a\000p\000t\000e\000r\000\040\000S\000u\000m\000m\000a\000r\000y}{chapter.161}% 108
\BOOKMARK [0][-]{chapter.287}{\376\377\000D\000a\000t\000a\000\040\000F\000o\000u\000n\000d\000a\000t\000i\000o\000n\000s\000\040\000a\000n\000d\000\040\000F\000e\000a\000t\000u\000r\000e\000\040\000E\000n\000g\000i\000n\000e\000e\000r\000i\000n\000g}{}% 109
\BOOKMARK [1][-]{section.288}{\376\377\000D\000a\000t\000a\000\040\000S\000o\000u\000r\000c\000e\000s\000\040\000a\000n\000d\000\040\000I\000n\000g\000e\000s\000t\000i\000o\000n}{chapter.287}% 110
\BOOKMARK [2][-]{subsection.289}{\376\377\000P\000l\000a\000y\000-\000b\000y\000-\000P\000l\000a\000y\000\040\000D\000a\000t\000a}{section.288}% 111
\BOOKMARK [2][-]{subsection.290}{\376\377\000O\000d\000d\000s\000\040\000H\000i\000s\000t\000o\000r\000y}{section.288}% 112
\BOOKMARK [2][-]{subsection.291}{\376\377\000W\000e\000a\000t\000h\000e\000r\000\040\000a\000n\000d\000\040\000E\000n\000v\000i\000r\000o\000n\000m\000e\000n\000t\000a\000l\000\040\000D\000a\000t\000a}{section.288}% 113
\BOOKMARK [2][-]{subsection.292}{\376\377\000O\000r\000c\000h\000e\000s\000t\000r\000a\000t\000i\000o\000n\000\040\000a\000n\000d\000\040\000I\000d\000e\000m\000p\000o\000t\000e\000n\000c\000y}{section.288}% 114
\BOOKMARK [1][-]{section.294}{\376\377\000D\000a\000t\000a\000b\000a\000s\000e\000\040\000A\000r\000c\000h\000i\000t\000e\000c\000t\000u\000r\000e}{chapter.287}% 115
\BOOKMARK [2][-]{subsection.295}{\376\377\000T\000i\000m\000e\000s\000c\000a\000l\000e\000\040\000H\000y\000p\000e\000r\000t\000a\000b\000l\000e\000s\000\040\000a\000n\000d\000\040\000C\000h\000u\000n\000k\000i\000n\000g}{section.294}% 116
\BOOKMARK [2][-]{subsection.296}{\376\377\000I\000n\000d\000e\000x\000i\000n\000g\000\040\000S\000t\000r\000a\000t\000e\000g\000y}{section.294}% 117
\BOOKMARK [2][-]{subsection.297}{\376\377\000I\000d\000e\000n\000t\000i\000f\000i\000e\000r\000s\000\040\000a\000n\000d\000\040\000K\000e\000y\000s}{section.294}% 118
\BOOKMARK [1][-]{section.298}{\376\377\000F\000e\000a\000t\000u\000r\000e\000\040\000E\000n\000g\000i\000n\000e\000e\000r\000i\000n\000g}{chapter.287}% 119
\BOOKMARK [2][-]{subsection.299}{\376\377\000F\000e\000a\000t\000u\000r\000e\000\040\000C\000a\000t\000a\000l\000o\000g\000\040\000a\000n\000d\000\040\000T\000a\000x\000o\000n\000o\000m\000y}{section.298}% 120
\BOOKMARK [2][-]{subsection.309}{\376\377\000W\000e\000a\000t\000h\000e\000r\000\040\000F\000e\000a\000t\000u\000r\000e\000s\000\040\000a\000n\000d\000\040\000H\000y\000p\000o\000t\000h\000e\000s\000i\000s\000\040\000T\000e\000s\000t\000i\000n\000g}{section.298}% 121
\BOOKMARK [2][-]{subsection.313}{\376\377\000L\000e\000a\000k\000a\000g\000e\000\040\000P\000r\000e\000v\000e\000n\000t\000i\000o\000n\000\040\000A\000r\000c\000h\000i\000t\000e\000c\000t\000u\000r\000e}{section.298}% 122
\BOOKMARK [1][-]{section.350}{\376\377\000D\000a\000t\000a\000\040\000Q\000u\000a\000l\000i\000t\000y\000\040\000a\000n\000d\000\040\000G\000o\000v\000e\000r\000n\000a\000n\000c\000e}{chapter.287}% 123
\BOOKMARK [2][-]{subsection.351}{\376\377\000Q\000u\000a\000l\000i\000t\000y\000\040\000G\000a\000t\000e\000s\000\040\000a\000n\000d\000\040\000V\000a\000l\000i\000d\000a\000t\000i\000o\000n}{section.350}% 124
\BOOKMARK [2][-]{subsection.355}{\376\377\000M\000i\000s\000s\000i\000n\000g\000n\000e\000s\000s\000\040\000a\000n\000d\000\040\000C\000o\000v\000e\000r\000a\000g\000e\000\040\000A\000n\000a\000l\000y\000s\000i\000s}{section.350}% 125
\BOOKMARK [2][-]{subsection.358}{\376\377\000F\000e\000a\000t\000u\000r\000e\000\040\000I\000m\000p\000o\000r\000t\000a\000n\000c\000e\000\040\000T\000r\000a\000c\000k\000i\000n\000g}{section.350}% 126
\BOOKMARK [1][-]{section.360}{\376\377\000T\000e\000m\000p\000o\000r\000a\000l\000\040\000C\000o\000n\000s\000i\000d\000e\000r\000a\000t\000i\000o\000n\000s}{chapter.287}% 127
\BOOKMARK [2][-]{subsection.361}{\376\377\000E\000r\000a\000\040\000E\000f\000f\000e\000c\000t\000s\000\040\000a\000n\000d\000\040\000T\000i\000m\000e\000\040\000D\000e\000c\000a\000y\000\040\000W\000e\000i\000g\000h\000t\000i\000n\000g}{section.360}% 128
\BOOKMARK [2][-]{subsection.366}{\376\377\000D\000a\000t\000a\000s\000e\000t\000\040\000C\000o\000h\000o\000r\000t\000s\000\040\000a\000n\000d\000\040\000S\000p\000l\000i\000t\000s}{section.360}% 129
\BOOKMARK [1][-]{section.369}{\376\377\000A\000s\000-\000O\000f\000\040\000F\000e\000a\000t\000u\000r\000e\000\040\000G\000e\000n\000e\000r\000a\000t\000i\000o\000n}{chapter.287}% 130
\BOOKMARK [1][-]{section*.375}{\376\377\000C\000h\000a\000p\000t\000e\000r\000\040\000S\000u\000m\000m\000a\000r\000y}{chapter.287}% 131
\BOOKMARK [0][-]{chapter.376}{\376\377\000B\000a\000s\000e\000l\000i\000n\000e\000\040\000M\000o\000d\000e\000l\000s}{}% 132
\BOOKMARK [1][-]{section.378}{\376\377\000L\000o\000g\000i\000s\000t\000i\000c\000/\000P\000r\000o\000b\000i\000t\000\040\000B\000a\000s\000e\000l\000i\000n\000e\000s}{chapter.376}% 133
\BOOKMARK [2][-]{subsection.381}{\376\377\000T\000e\000m\000p\000o\000r\000a\000l\000\040\000W\000e\000i\000g\000h\000t\000i\000n\000g\000,\000\040\000E\000r\000a\000\040\000C\000o\000n\000t\000r\000o\000l\000s\000,\000\040\000a\000n\000d\000\040\000V\000a\000l\000i\000d\000a\000t\000i\000o\000n}{section.378}% 134
\BOOKMARK [1][-]{section.386}{\376\377\000S\000t\000a\000t\000e\000-\000S\000p\000a\000c\000e\000\040\000T\000e\000a\000m\000\040\000R\000a\000t\000i\000n\000g\000s}{chapter.376}% 135
\BOOKMARK [2][-]{subsection.387}{\376\377\000I\000d\000e\000n\000t\000i\000f\000i\000a\000b\000i\000l\000i\000t\000y\000\040\000a\000n\000d\000\040\000o\000p\000e\000r\000a\000t\000i\000o\000n\000a\000l\000\040\000c\000o\000n\000s\000t\000r\000a\000i\000n\000t\000s}{section.386}% 136
\BOOKMARK [1][-]{section.394}{\376\377\000S\000c\000o\000r\000e\000-\000D\000i\000s\000t\000r\000i\000b\000u\000t\000i\000o\000n\000\040\000M\000o\000d\000e\000l\000s}{chapter.376}% 137
\BOOKMARK [2][-]{subsection.395}{\376\377\000E\000s\000t\000i\000m\000a\000t\000i\000o\000n}{section.394}% 138
\BOOKMARK [2][-]{subsection.396}{\376\377\000D\000i\000x\000o\000n\000-\000C\000o\000l\000e\000s\000\040\000B\000i\000v\000a\000r\000i\000a\000t\000e\000\040\000P\000o\000i\000s\000s\000o\000n}{section.394}% 139
\BOOKMARK [1][-]{section.409}{\376\377\000B\000a\000y\000e\000s\000i\000a\000n\000\040\000H\000i\000e\000r\000a\000r\000c\000h\000i\000c\000a\000l\000\040\000T\000e\000a\000m\000\040\000R\000a\000t\000i\000n\000g\000s}{chapter.376}% 140
\BOOKMARK [2][-]{subsection.410}{\376\377\000M\000o\000t\000i\000v\000a\000t\000i\000o\000n\000\040\000a\000n\000d\000\040\000P\000r\000i\000o\000r\000\040\000W\000o\000r\000k}{section.409}% 141
\BOOKMARK [2][-]{subsection.411}{\376\377\000M\000o\000d\000e\000l\000\040\000S\000p\000e\000c\000i\000f\000i\000c\000a\000t\000i\000o\000n}{section.409}% 142
\BOOKMARK [2][-]{subsection.418}{\376\377\000E\000s\000t\000i\000m\000a\000t\000i\000o\000n\000\040\000a\000n\000d\000\040\000M\000o\000d\000e\000l\000\040\000C\000o\000m\000p\000a\000r\000i\000s\000o\000n}{section.409}% 143
\BOOKMARK [2][-]{subsection.420}{\376\377\000U\000n\000c\000e\000r\000t\000a\000i\000n\000t\000y\000\040\000Q\000u\000a\000n\000t\000i\000f\000i\000c\000a\000t\000i\000o\000n\000\040\000a\000n\000d\000\040\000C\000a\000l\000i\000b\000r\000a\000t\000i\000o\000n}{section.409}% 144
\BOOKMARK [2][-]{subsection.421}{\376\377\000P\000r\000e\000d\000i\000c\000t\000i\000v\000e\000\040\000P\000e\000r\000f\000o\000r\000m\000a\000n\000c\000e\000\040\000a\000n\000d\000\040\000E\000c\000o\000n\000o\000m\000i\000c\000\040\000V\000a\000l\000u\000e}{section.409}% 145
\BOOKMARK [2][-]{subsection.423}{\376\377\000E\000n\000s\000e\000m\000b\000l\000e\000\040\000I\000n\000t\000e\000g\000r\000a\000t\000i\000o\000n}{section.409}% 146
\BOOKMARK [2][-]{subsection.427}{\376\377\000P\000r\000o\000d\000u\000c\000t\000i\000o\000n\000\040\000D\000e\000p\000l\000o\000y\000m\000e\000n\000t\000\040\000a\000n\000d\000\040\000I\000n\000t\000e\000g\000r\000a\000t\000i\000o\000n}{section.409}% 147
\BOOKMARK [2][-]{subsection.430}{\376\377\000C\000o\000m\000p\000a\000r\000i\000s\000o\000n\000\040\000t\000o\000\040\000A\000l\000t\000e\000r\000n\000a\000t\000i\000v\000e\000\040\000R\000a\000t\000i\000n\000g\000\040\000S\000y\000s\000t\000e\000m\000s}{section.409}% 148
\BOOKMARK [2][-]{subsection.432}{\376\377\000L\000i\000m\000i\000t\000a\000t\000i\000o\000n\000s\000\040\000a\000n\000d\000\040\000F\000u\000t\000u\000r\000e\000\040\000E\000x\000t\000e\000n\000s\000i\000o\000n\000s}{section.409}% 149
\BOOKMARK [2][-]{subsection.435}{\376\377\000S\000t\000a\000t\000e\000-\000S\000p\000a\000c\000e\000\040\000v\000s\000\040\000B\000a\000y\000e\000s\000i\000a\000n\000\040\000H\000i\000e\000r\000a\000r\000c\000h\000i\000c\000a\000l\000:\000\040\000A\000\040\000C\000o\000m\000p\000a\000r\000a\000t\000i\000v\000e\000\040\000A\000n\000a\000l\000y\000s\000i\000s}{section.409}% 150
\BOOKMARK [2][-]{subsection.440}{\376\377\000K\000e\000y\000-\000n\000u\000m\000b\000e\000r\000\040\000r\000e\000w\000e\000i\000g\000h\000t\000i\000n\000g}{section.409}% 151
\BOOKMARK [2][-]{subsection.442}{\376\377\000V\000a\000l\000i\000d\000a\000t\000i\000o\000n\000:\000\040\000D\000o\000e\000s\000\040\000r\000e\000w\000e\000i\000g\000h\000t\000i\000n\000g\000\040\000i\000m\000p\000r\000o\000v\000e\000\040\000p\000r\000e\000d\000i\000c\000t\000i\000o\000n\000s\000\040\000a\000n\000d\000\040\000E\000V\000?}{section.409}% 152
\BOOKMARK [1][-]{section.446}{\376\377\000A\000d\000v\000a\000n\000c\000e\000d\000\040\000F\000e\000a\000t\000u\000r\000e\000\040\000E\000n\000g\000i\000n\000e\000e\000r\000i\000n\000g\000\040\000C\000o\000n\000s\000i\000d\000e\000r\000a\000t\000i\000o\000n\000s}{chapter.376}% 153
\BOOKMARK [2][-]{subsection.447}{\376\377\000G\000r\000a\000p\000h\000\040\000N\000e\000u\000r\000a\000l\000\040\000N\000e\000t\000w\000o\000r\000k\000s\000\040\000f\000o\000r\000\040\000T\000e\000a\000m\000\040\000M\000a\000t\000c\000h\000u\000p\000\040\000D\000y\000n\000a\000m\000i\000c\000s}{section.446}% 154
\BOOKMARK [2][-]{subsection.452}{\376\377\000R\000e\000g\000i\000m\000e\000\040\000D\000e\000t\000e\000c\000t\000i\000o\000n\000\040\000a\000n\000d\000\040\000C\000h\000a\000n\000g\000e\000p\000o\000i\000n\000t\000\040\000A\000l\000g\000o\000r\000i\000t\000h\000m\000s}{section.446}% 155
\BOOKMARK [2][-]{subsection.462}{\376\377\000D\000y\000n\000a\000m\000i\000c\000\040\000C\000o\000r\000r\000e\000l\000a\000t\000i\000o\000n\000\040\000M\000o\000d\000e\000l\000s}{section.446}% 156
\BOOKMARK [2][-]{subsection.471}{\376\377\000S\000y\000n\000t\000h\000e\000s\000i\000s\000:\000\040\000P\000a\000r\000s\000i\000m\000o\000n\000y\000\040\000v\000s\000\040\000C\000o\000m\000p\000l\000e\000x\000i\000t\000y}{section.446}% 157
\BOOKMARK [1][-]{section.477}{\376\377\000D\000i\000a\000g\000n\000o\000s\000t\000i\000c\000s}{chapter.376}% 158
\BOOKMARK [2][-]{subsection.478}{\376\377\000C\000a\000l\000i\000b\000r\000a\000t\000i\000o\000n\000\040\000d\000i\000a\000g\000r\000a\000m\000s}{section.477}% 159
\BOOKMARK [2][-]{subsection.480}{\376\377\000A\000b\000l\000a\000t\000i\000o\000n\000\040\000s\000t\000u\000d\000i\000e\000s\000\040\000b\000y\000\040\000f\000e\000a\000t\000u\000r\000e\000\040\000f\000a\000m\000i\000l\000y}{section.477}% 160
\BOOKMARK [1][-]{section.488}{\376\377\000C\000o\000p\000u\000l\000a\000\040\000G\000o\000o\000d\000n\000e\000s\000s\000-\000o\000f\000-\000F\000i\000t\000\040\000a\000n\000d\000\040\000I\000m\000p\000a\000c\000t}{chapter.376}% 161
\BOOKMARK [1][-]{section.493}{\376\377\000P\000l\000a\000y\000e\000r\000\040\000I\000m\000p\000a\000c\000t\000\040\000A\000d\000j\000u\000s\000t\000m\000e\000n\000t\000s}{chapter.376}% 162
\BOOKMARK [2][-]{subsection.494}{\376\377\000M\000e\000t\000h\000o\000d\000o\000l\000o\000g\000y}{section.493}% 163
\BOOKMARK [2][-]{subsection.497}{\376\377\000D\000e\000p\000t\000h\000\040\000C\000h\000a\000r\000t\000\040\000I\000n\000t\000e\000g\000r\000a\000t\000i\000o\000n}{section.493}% 164
\BOOKMARK [2][-]{subsection.499}{\376\377\000T\000e\000a\000m\000-\000L\000e\000v\000e\000l\000\040\000A\000g\000g\000r\000e\000g\000a\000t\000i\000o\000n}{section.493}% 165
\BOOKMARK [2][-]{subsection.502}{\376\377\000E\000m\000p\000i\000r\000i\000c\000a\000l\000\040\000V\000a\000l\000i\000d\000a\000t\000i\000o\000n}{section.493}% 166
\BOOKMARK [1][-]{section.504}{\376\377\000I\000n\000-\000G\000a\000m\000e\000\040\000W\000i\000n\000\040\000P\000r\000o\000b\000a\000b\000i\000l\000i\000t\000y}{chapter.376}% 167
\BOOKMARK [2][-]{subsection.505}{\376\377\000M\000o\000d\000e\000l\000\040\000A\000r\000c\000h\000i\000t\000e\000c\000t\000u\000r\000e}{section.504}% 168
\BOOKMARK [2][-]{subsection.508}{\376\377\000T\000r\000a\000i\000n\000i\000n\000g\000\040\000a\000n\000d\000\040\000P\000e\000r\000f\000o\000r\000m\000a\000n\000c\000e}{section.504}% 169
\BOOKMARK [2][-]{subsection.510}{\376\377\000I\000n\000f\000e\000r\000e\000n\000c\000e\000\040\000a\000n\000d\000\040\000A\000p\000p\000l\000i\000c\000a\000t\000i\000o\000n\000s}{section.504}% 170
\BOOKMARK [1][-]{section.513}{\376\377\000U\000n\000i\000f\000i\000e\000d\000\040\000B\000a\000s\000e\000l\000i\000n\000e\000\040\000C\000o\000m\000p\000a\000r\000i\000s\000o\000n}{chapter.376}% 171
\BOOKMARK [2][-]{subsection.514}{\376\377\000E\000v\000a\000l\000u\000a\000t\000i\000o\000n\000\040\000P\000r\000o\000t\000o\000c\000o\000l}{section.513}% 172
\BOOKMARK [2][-]{subsection.515}{\376\377\000C\000o\000m\000p\000r\000e\000h\000e\000n\000s\000i\000v\000e\000\040\000B\000a\000s\000e\000l\000i\000n\000e\000\040\000P\000e\000r\000f\000o\000r\000m\000a\000n\000c\000e}{section.513}% 173
\BOOKMARK [2][-]{subsection.517}{\376\377\000K\000e\000y\000\040\000F\000i\000n\000d\000i\000n\000g\000s}{section.513}% 174
\BOOKMARK [2][-]{subsection.523}{\376\377\000M\000o\000d\000e\000l\000\040\000S\000e\000l\000e\000c\000t\000i\000o\000n\000\040\000G\000u\000i\000d\000e\000l\000i\000n\000e\000s}{section.513}% 175
\BOOKMARK [2][-]{subsection.525}{\376\377\000E\000n\000s\000e\000m\000b\000l\000e\000\040\000C\000o\000n\000s\000t\000r\000u\000c\000t\000i\000o\000n\000\040\000I\000n\000s\000i\000g\000h\000t\000s}{section.513}% 176
\BOOKMARK [2][-]{subsection.531}{\376\377\000L\000i\000m\000i\000t\000a\000t\000i\000o\000n\000s\000\040\000a\000n\000d\000\040\000M\000a\000r\000k\000e\000t\000\040\000E\000f\000f\000i\000c\000i\000e\000n\000c\000y}{section.513}% 177
\BOOKMARK [1][-]{section.532}{\376\377\000T\000r\000a\000i\000n\000i\000n\000g\000\040\000a\000n\000d\000\040\000V\000a\000l\000i\000d\000a\000t\000i\000o\000n\000\040\000P\000r\000o\000t\000o\000c\000o\000l\000s}{chapter.376}% 178
\BOOKMARK [2][-]{subsection.533}{\376\377\000B\000a\000s\000e\000l\000i\000n\000e\000\040\000G\000L\000M\000\040\000R\000e\000s\000u\000l\000t\000s}{section.532}% 179
\BOOKMARK [2][-]{subsection.536}{\376\377\000C\000a\000l\000i\000b\000r\000a\000t\000i\000o\000n\000\040\000V\000a\000l\000i\000d\000a\000t\000i\000o\000n}{section.532}% 180
\BOOKMARK [2][-]{subsection.540}{\376\377\000M\000u\000l\000t\000i\000-\000M\000o\000d\000e\000l\000\040\000C\000o\000m\000p\000a\000r\000i\000s\000o\000n}{section.532}% 181
\BOOKMARK [2][-]{subsection.542}{\376\377\000T\000r\000a\000n\000s\000i\000t\000i\000o\000n\000\040\000t\000o\000\040\000A\000d\000v\000a\000n\000c\000e\000d\000\040\000E\000n\000s\000e\000m\000b\000l\000e\000\040\000S\000y\000s\000t\000e\000m\000s}{section.532}% 182
\BOOKMARK [1][-]{section.543}{\376\377\000v\0003\000.\0000\000\040\000A\000d\000v\000a\000n\000c\000e\000d\000\040\000E\000n\000s\000e\000m\000b\000l\000e\000\040\000S\000y\000s\000t\000e\000m\000\040\000f\000o\000r\000\040\000P\000l\000a\000y\000e\000r\000\040\000P\000r\000o\000p\000s}{chapter.376}% 183
\BOOKMARK [2][-]{subsection.544}{\376\377\000M\000o\000t\000i\000v\000a\000t\000i\000o\000n\000\040\000a\000n\000d\000\040\000A\000r\000c\000h\000i\000t\000e\000c\000t\000u\000r\000e}{section.543}% 184
\BOOKMARK [2][-]{subsection.545}{\376\377\000E\000n\000s\000e\000m\000b\000l\000e\000\040\000C\000o\000m\000p\000o\000n\000e\000n\000t\000s}{section.543}% 185
\BOOKMARK [2][-]{subsection.555}{\376\377\000A\000d\000v\000a\000n\000c\000e\000d\000\040\000M\000o\000d\000e\000l\000i\000n\000g\000\040\000I\000n\000n\000o\000v\000a\000t\000i\000o\000n\000s}{section.543}% 186
\BOOKMARK [2][-]{subsection.563}{\376\377\000P\000e\000r\000f\000o\000r\000m\000a\000n\000c\000e\000\040\000R\000e\000s\000u\000l\000t\000s}{section.543}% 187
\BOOKMARK [2][-]{subsection.572}{\376\377\000P\000r\000o\000d\000u\000c\000t\000i\000o\000n\000\040\000I\000n\000f\000r\000a\000s\000t\000r\000u\000c\000t\000u\000r\000e}{section.543}% 188
\BOOKMARK [2][-]{subsection.579}{\376\377\000R\000i\000s\000k\000\040\000M\000a\000n\000a\000g\000e\000m\000e\000n\000t}{section.543}% 189
\BOOKMARK [2][-]{subsection.583}{\376\377\000M\000o\000d\000e\000l\000\040\000A\000r\000t\000i\000f\000a\000c\000t\000s\000\040\000a\000n\000d\000\040\000R\000e\000p\000r\000o\000d\000u\000c\000i\000b\000i\000l\000i\000t\000y}{section.543}% 190
\BOOKMARK [2][-]{subsection.585}{\376\377\000F\000u\000t\000u\000r\000e\000\040\000E\000n\000h\000a\000n\000c\000e\000m\000e\000n\000t\000s}{section.543}% 191
\BOOKMARK [2][-]{subsection.586}{\376\377\000C\000o\000n\000c\000l\000u\000s\000i\000o\000n\000s}{section.543}% 192
\BOOKMARK [1][-]{section*.587}{\376\377\000C\000h\000a\000p\000t\000e\000r\000\040\000S\000u\000m\000m\000a\000r\000y}{chapter.376}% 193
\BOOKMARK [0][-]{chapter.588}{\376\377\000R\000e\000i\000n\000f\000o\000r\000c\000e\000m\000e\000n\000t\000\040\000L\000e\000a\000r\000n\000i\000n\000g\000\040\000F\000r\000a\000m\000e\000w\000o\000r\000k}{}% 194
\BOOKMARK [1][-]{section.590}{\376\377\000S\000t\000a\000t\000e\000\040\000o\000f\000\040\000t\000h\000e\000\040\000A\000r\000t\000\040\000\050\000A\000t\000\040\000a\000\040\000G\000l\000a\000n\000c\000e\000\051}{chapter.588}% 195
\BOOKMARK [1][-]{section.592}{\376\377\000F\000o\000u\000n\000d\000a\000t\000i\000o\000n\000s\000:\000\040\000M\000D\000P\000s\000,\000\040\000V\000a\000l\000u\000e\000\040\000F\000u\000n\000c\000t\000i\000o\000n\000s\000,\000\040\000a\000n\000d\000\040\000C\000o\000n\000t\000r\000a\000c\000t\000i\000o\000n\000s}{chapter.588}% 196
\BOOKMARK [1][-]{section.593}{\376\377\000O\000f\000f\000-\000P\000o\000l\000i\000c\000y\000\040\000E\000v\000a\000l\000u\000a\000t\000i\000o\000n\000\040\000\050\000O\000P\000E\000\051}{chapter.588}% 197
\BOOKMARK [2][-]{subsection.599}{\376\377\000P\000o\000l\000i\000c\000y\000\040\000G\000r\000a\000d\000i\000e\000n\000t\000\040\000a\000n\000d\000\040\000A\000c\000t\000o\000r\040\023\000C\000r\000i\000t\000i\000c}{section.593}% 198
\BOOKMARK [2][-]{subsection.600}{\376\377\000V\000a\000l\000u\000e\000-\000B\000a\000s\000e\000d\000\040\000M\000e\000t\000h\000o\000d\000s\000\040\000a\000n\000d\000\040\000O\000f\000f\000l\000i\000n\000e\000\040\000R\000L}{section.593}% 199
\BOOKMARK [1][-]{section.601}{\376\377\000P\000r\000o\000b\000l\000e\000m\000\040\000F\000o\000r\000m\000u\000l\000a\000t\000i\000o\000n\000\040\000f\000o\000r\000\040\000N\000F\000L\000\040\000B\000e\000t\000t\000i\000n\000g}{chapter.588}% 200
\BOOKMARK [2][-]{subsection.602}{\376\377\000R\000e\000w\000a\000r\000d\000\040\000S\000h\000a\000p\000i\000n\000g\000\040\000a\000n\000d\000\040\000C\000o\000n\000s\000t\000r\000a\000i\000n\000t\000s}{section.601}% 201
\BOOKMARK [1][-]{section.603}{\376\377\000O\000f\000f\000l\000i\000n\000e\000\040\000R\000L\000\040\000P\000i\000p\000e\000l\000i\000n\000e\000\040\000a\000n\000d\000\040\000D\000a\000t\000a\000s\000e\000t\000s}{chapter.588}% 202
\BOOKMARK [2][-]{subsection.604}{\376\377\000D\000Q\000N\000\040\000a\000n\000d\000\040\000P\000P\000O\000\040\000I\000m\000p\000l\000e\000m\000e\000n\000t\000a\000t\000i\000o\000n}{section.603}% 203
\BOOKMARK [2][-]{subsection.612}{\376\377\000A\000c\000t\000i\000o\000n\000\040\000S\000p\000a\000c\000e\000\040\000a\000n\000d\000\040\000P\000o\000l\000i\000c\000y\000\040\000C\000l\000a\000s\000s}{section.603}% 204
\BOOKMARK [1][-]{section.613}{\376\377\000R\000i\000s\000k\000-\000S\000e\000n\000s\000i\000t\000i\000v\000e\000\040\000O\000b\000j\000e\000c\000t\000i\000v\000e\000s\000\040\000a\000n\000d\000\040\000C\000o\000n\000t\000r\000o\000l\000s}{chapter.588}% 205
\BOOKMARK [1][-]{section.614}{\376\377\000O\000f\000f\000-\000P\000o\000l\000i\000c\000y\000\040\000E\000v\000a\000l\000u\000a\000t\000i\000o\000n\000\040\000D\000e\000t\000a\000i\000l\000s}{chapter.588}% 206
\BOOKMARK [1][-]{section.624}{\376\377\000L\000e\000a\000r\000n\000i\000n\000g\000\040\000c\000u\000r\000v\000e\000s\000\040\000a\000n\000d\000\040\000h\000y\000p\000e\000r\000p\000a\000r\000a\000m\000e\000t\000e\000r\000\040\000s\000e\000n\000s\000i\000t\000i\000v\000i\000t\000y}{chapter.588}% 207
\BOOKMARK [1][-]{section.627}{\376\377\000I\000n\000t\000e\000r\000p\000r\000e\000t\000a\000b\000i\000l\000i\000t\000y\000\040\000a\000n\000d\000\040\000M\000o\000n\000i\000t\000o\000r\000i\000n\000g}{chapter.588}% 208
\BOOKMARK [1][-]{section.628}{\376\377\000M\000D\000P\000\040\000S\000p\000e\000c\000i\000f\000i\000c\000a\000t\000i\000o\000n\000\040\000D\000e\000t\000a\000i\000l\000s\000\040\000\050\000N\000F\000L\000\051}{chapter.588}% 209
\BOOKMARK [1][-]{section.629}{\376\377\000C\000o\000n\000s\000e\000r\000v\000a\000t\000i\000v\000e\000\040\000Q\000-\000L\000e\000a\000r\000n\000i\000n\000g\000\040\000\050\000C\000Q\000L\000\051\000\040\000O\000b\000j\000e\000c\000t\000i\000v\000e}{chapter.588}% 210
\BOOKMARK [1][-]{section.630}{\376\377\000B\000a\000t\000c\000h\000-\000C\000o\000n\000s\000t\000r\000a\000i\000n\000e\000d\000\040\000P\000o\000l\000i\000c\000i\000e\000s}{chapter.588}% 211
\BOOKMARK [1][-]{section.631}{\376\377\000H\000y\000p\000e\000r\000p\000a\000r\000a\000m\000e\000t\000e\000r\000s\000\040\000a\000n\000d\000\040\000S\000t\000a\000b\000i\000l\000i\000t\000y}{chapter.588}% 212
\BOOKMARK [1][-]{section.632}{\376\377\000N\000F\000L\000-\000S\000p\000e\000c\000i\000f\000i\000c\000\040\000D\000e\000s\000i\000g\000n\000\040\000P\000a\000t\000t\000e\000r\000n\000s}{chapter.588}% 213
\BOOKMARK [1][-]{section.633}{\376\377\000O\000f\000f\000l\000i\000n\000e\000\040\000R\000L\000\040\000W\000o\000r\000k\000f\000l\000o\000w\000\040\000\050\000S\000c\000h\000e\000m\000a\000t\000i\000c\000\051}{chapter.588}% 214
\BOOKMARK [1][-]{section.642}{\376\377\000D\000e\000s\000i\000g\000n\000\040\000C\000h\000o\000i\000c\000e\000s\000\040\000f\000o\000r\000\040\000N\000F\000L\000\040\000C\000o\000n\000s\000t\000r\000a\000i\000n\000t\000s}{chapter.588}% 215
\BOOKMARK [1][-]{section.645}{\376\377\000A\000b\000l\000a\000t\000i\000o\000n\000:\000\040\000R\000L\000\040\000v\000s\000.\000\040\000S\000t\000a\000t\000e\000l\000e\000s\000s\000\040\000K\000e\000l\000l\000y\040\021\000L\000C\000B}{chapter.588}% 216
\BOOKMARK [2][-]{subsection.650}{\376\377\000P\000a\000r\000s\000i\000m\000o\000n\000y\000:\000\040\000w\000h\000e\000n\000\040\000t\000o\000\040\000p\000r\000e\000f\000e\000r\000\040\000s\000t\000a\000t\000e\000l\000e\000s\000s\000\040\000r\000u\000l\000e\000s}{section.645}% 217
\BOOKMARK [2][-]{subsection.663}{\376\377\000R\000L\000\040\000v\000s\000\040\000S\000t\000r\000a\000t\000e\000g\000i\000c\000\040\000R\000e\000s\000p\000o\000n\000s\000e\000s\000\040\000\050\000B\000r\000i\000d\000g\000e\000\051}{section.645}% 218
\BOOKMARK [1][-]{section.664}{\376\377\000O\000f\000f\000l\000i\000n\000e\000\040\000R\000L\000\040\000M\000e\000t\000h\000o\000d\000s\000\040\000a\000t\000\040\000a\000\040\000G\000l\000a\000n\000c\000e}{chapter.588}% 219
\BOOKMARK [1][-]{section.667}{\376\377\000D\000a\000t\000a\000s\000e\000t\000\040\000C\000o\000h\000o\000r\000t\000s\000\040\000a\000n\000d\000\040\000S\000p\000l\000i\000t\000s}{chapter.588}% 220
\BOOKMARK [1][-]{section*.673}{\376\377\000C\000h\000a\000p\000t\000e\000r\000\040\000S\000u\000m\000m\000a\000r\000y}{chapter.588}% 221
\BOOKMARK [0][-]{chapter.674}{\376\377\000U\000n\000c\000e\000r\000t\000a\000i\000n\000t\000y\000\040\000a\000n\000d\000\040\000R\000i\000s\000k\000\040\000M\000a\000n\000a\000g\000e\000m\000e\000n\000t}{}% 222
\BOOKMARK [1][-]{section.676}{\376\377\000K\000e\000l\000l\000y\000\040\000c\000r\000i\000t\000e\000r\000i\000o\000n\000\040\000a\000n\000d\000\040\000f\000r\000a\000c\000t\000i\000o\000n\000a\000l\000\040\000s\000c\000a\000l\000i\000n\000g}{chapter.674}% 223
\BOOKMARK [2][-]{subsection.678}{\376\377\000P\000a\000r\000a\000m\000e\000t\000e\000r\000\040\000u\000n\000c\000e\000r\000t\000a\000i\000n\000t\000y\000:\000\040\000p\000o\000s\000t\000e\000r\000i\000o\000r\040\023\000l\000o\000w\000e\000r\040\023\000b\000o\000u\000n\000d\000\040\000K\000e\000l\000l\000y}{section.676}% 224
\BOOKMARK [2][-]{subsection.681}{\376\377\000K\000e\000l\000l\000y\000\040\000w\000i\000t\000h\000\040\000f\000r\000i\000c\000t\000i\000o\000n\000\040\000a\000n\000d\000\040\000c\000a\000p\000s}{section.676}% 225
\BOOKMARK [2][-]{subsection.683}{\376\377\000A\000p\000p\000r\000o\000x\000i\000m\000a\000t\000e\000\040\000r\000u\000i\000n\000\040\000p\000r\000o\000b\000a\000b\000i\000l\000i\000t\000y}{section.676}% 226
\BOOKMARK [1][-]{section.684}{\376\377\000C\000V\000a\000R\000-\000c\000o\000n\000s\000t\000r\000a\000i\000n\000e\000d\000\040\000s\000t\000a\000k\000e\000\040\000s\000i\000z\000i\000n\000g}{chapter.674}% 227
\BOOKMARK [2][-]{subsection.688}{\376\377\000T\000e\000a\000s\000e\000r\000\040\000P\000r\000i\000c\000i\000n\000g\000\040\000a\000n\000d\000\040\000C\000o\000p\000u\000l\000a\000\040\000I\000m\000p\000a\000c\000t}{section.684}% 228
\BOOKMARK [2][-]{subsection.691}{\376\377\000C\000o\000m\000p\000u\000t\000a\000t\000i\000o\000n\000a\000l\000\040\000c\000o\000m\000p\000l\000e\000x\000i\000t\000y\000\040\000a\000n\000d\000\040\000w\000a\000l\000l\000-\000c\000l\000o\000c\000k}{section.684}% 229
\BOOKMARK [1][-]{section.692}{\376\377\000U\000n\000c\000e\000r\000t\000a\000i\000n\000t\000y\000\040\000Q\000u\000a\000n\000t\000i\000f\000i\000c\000a\000t\000i\000o\000n}{chapter.674}% 230
\BOOKMARK [1][-]{section.693}{\376\377\000D\000r\000a\000w\000d\000o\000w\000n\000\040\000A\000n\000a\000l\000y\000t\000i\000c\000s}{chapter.674}% 231
\BOOKMARK [1][-]{section.695}{\376\377\000G\000o\000v\000e\000r\000n\000a\000n\000c\000e\000\040\000a\000n\000d\000\040\000R\000e\000p\000o\000r\000t\000i\000n\000g}{chapter.674}% 232
\BOOKMARK [1][-]{section.704}{\376\377\000M\000u\000l\000t\000i\000-\000M\000o\000d\000e\000l\000\040\000R\000e\000l\000i\000a\000b\000i\000l\000i\000t\000y\000\040\000A\000n\000a\000l\000y\000s\000i\000s}{chapter.674}% 233
\BOOKMARK [2][-]{subsection.705}{\376\377\000M\000u\000l\000t\000i\000-\000M\000o\000d\000e\000l\000\040\000C\000o\000m\000p\000a\000r\000i\000s\000o\000n}{section.704}% 234
\BOOKMARK [1][-]{section*.711}{\376\377\000C\000h\000a\000p\000t\000e\000r\000\040\000S\000u\000m\000m\000a\000r\000y}{chapter.674}% 235
\BOOKMARK [0][-]{chapter.712}{\376\377\000S\000i\000m\000u\000l\000a\000t\000i\000o\000n\000\040\000a\000n\000d\000\040\000S\000t\000r\000a\000t\000e\000g\000y\000\040\000E\000v\000a\000l\000u\000a\000t\000i\000o\000n}{}% 236
\BOOKMARK [1][-]{section.713}{\376\377\000M\000o\000n\000t\000e\000\040\000C\000a\000r\000l\000o\000\040\000e\000s\000t\000i\000m\000a\000t\000o\000r\000s\000:\000\040\000L\000L\000N\000\040\000a\000n\000d\000\040\000C\000L\000T}{chapter.712}% 237
\BOOKMARK [1][-]{section.715}{\376\377\000T\000e\000a\000s\000e\000r\000\040\000p\000r\000i\000c\000i\000n\000g\000\040\000a\000n\000d\000\040\000m\000i\000d\000d\000l\000e\000\040\000t\000h\000r\000e\000s\000h\000o\000l\000d\000s}{chapter.712}% 238
\BOOKMARK [2][-]{subsection.720}{\376\377\000V\000a\000r\000i\000a\000n\000c\000e\000\040\000r\000e\000d\000u\000c\000t\000i\000o\000n}{section.715}% 239
\BOOKMARK [2][-]{subsection.721}{\376\377\000I\000m\000p\000o\000r\000t\000a\000n\000c\000e\000\040\000s\000a\000m\000p\000l\000i\000n\000g\000\040\000f\000o\000r\000\040\000r\000a\000r\000e\000\040\000e\000v\000e\000n\000t\000s}{section.715}% 240
\BOOKMARK [1][-]{section.722}{\376\377\000S\000c\000e\000n\000a\000r\000i\000o\000\040\000C\000o\000n\000s\000t\000r\000u\000c\000t\000i\000o\000n}{chapter.712}% 241
\BOOKMARK [2][-]{subsection.724}{\376\377\000D\000e\000p\000e\000n\000d\000e\000n\000c\000e\000\040\000s\000a\000n\000i\000t\000y\000\040\000c\000h\000e\000c\000k\000\040\000\050\000G\000a\000u\000s\000s\000i\000a\000n\000\040\000c\000o\000p\000u\000l\000a\000\051}{section.722}% 242
\BOOKMARK [2][-]{subsection.725}{\376\377\000T\000r\000a\000n\000s\000a\000c\000t\000i\000o\000n\000\040\000C\000o\000s\000t\000s\000\040\000a\000n\000d\000\040\000S\000l\000i\000p\000p\000a\000g\000e}{section.722}% 243
\BOOKMARK [1][-]{section.727}{\376\377\000S\000t\000r\000a\000t\000e\000g\000y\000\040\000C\000a\000t\000a\000l\000o\000g\000u\000e}{chapter.712}% 244
\BOOKMARK [1][-]{section.731}{\376\377\000S\000e\000n\000s\000i\000t\000i\000v\000i\000t\000y\000\040\000A\000n\000a\000l\000y\000s\000i\000s}{chapter.712}% 245
\BOOKMARK [1][-]{section.732}{\376\377\000C\000a\000l\000i\000b\000r\000a\000t\000i\000o\000n\000\040\000a\000n\000d\000\040\000V\000a\000l\000i\000d\000a\000t\000i\000o\000n}{chapter.712}% 246
\BOOKMARK [1][-]{section.733}{\376\377\000M\000o\000n\000t\000e\000\040\000C\000a\000r\000l\000o\000\040\000V\000a\000l\000i\000d\000a\000t\000i\000o\000n\000\040\000M\000e\000t\000r\000i\000c\000s}{chapter.712}% 247
\BOOKMARK [2][-]{subsection.734}{\376\377\000C\000o\000n\000v\000e\000r\000g\000e\000n\000c\000e\000\040\000D\000i\000a\000g\000n\000o\000s\000t\000i\000c\000s}{section.733}% 248
