\BOOKMARK [0][-]{chapter.1}{\376\377\000L\000i\000t\000e\000r\000a\000t\000u\000r\000e\000\040\000R\000e\000v\000i\000e\000w\000\040\000a\000n\000d\000\040\000M\000e\000t\000h\000o\000d\000o\000l\000o\000g\000i\000c\000a\000l\000\040\000F\000o\000u\000n\000d\000a\000t\000i\000o\000n\000s}{}% 1
\BOOKMARK [1][-]{subsection.1.0.1}{\376\377\000S\000k\000e\000l\000l\000a\000m\000\040\000d\000i\000s\000t\000r\000i\000b\000u\000t\000i\000o\000n\000:\000\040\000c\000o\000n\000s\000t\000r\000u\000c\000t\000i\000o\000n\000\040\000a\000n\000d\000\040\000m\000o\000m\000e\000n\000t\000s}{chapter.1}% 2
\BOOKMARK [2][-]{subsection.1.0.2}{\376\377\000S\000t\000e\000r\000n\040\031\000s\000\040\000s\000p\000r\000e\000a\000d\000-\000t\000o\000-\000w\000i\000n\000\040\000m\000a\000p\000:\000\040\000f\000u\000l\000l\000\040\000d\000e\000r\000i\000v\000a\000t\000i\000o\000n}{subsection.1.0.1}% 3
\BOOKMARK [2][-]{subsection.1.0.3}{\376\377\000K\000e\000y\000-\000n\000u\000m\000b\000e\000r\000\040\000r\000e\000w\000e\000i\000g\000h\000t\000i\000n\000g\000\040\000a\000s\000\040\000c\000o\000n\000s\000t\000r\000a\000i\000n\000e\000d\000\040\000p\000r\000o\000j\000e\000c\000t\000i\000o\000n}{subsection.1.0.1}% 4
\BOOKMARK [1][-]{section.1.1}{\376\377\000P\000a\000i\000r\000e\000d\000-\000c\000o\000m\000p\000a\000r\000i\000s\000o\000n\000\040\000a\000n\000d\000\040\000D\000y\000n\000a\000m\000i\000c\000\040\000R\000a\000t\000i\000n\000g\000\040\000M\000o\000d\000e\000l\000s}{chapter.1}% 5
\BOOKMARK [2][-]{subsection.1.1.1}{\376\377\000S\000p\000r\000e\000a\000d\040\023\000t\000o\000t\000a\000l\000\040\000d\000e\000p\000e\000n\000d\000e\000n\000c\000e\000\040\000v\000i\000a\000\040\000G\000a\000u\000s\000s\000i\000a\000n\000\040\000c\000o\000p\000u\000l\000a}{section.1.1}% 6
\BOOKMARK [2][-]{subsection.1.1.2}{\376\377\000E\000d\000g\000e\000w\000o\000r\000t\000h\000\040\000a\000n\000d\000\040\000s\000a\000d\000d\000l\000e\000p\000o\000i\000n\000t\000\040\000t\000a\000i\000l\000\040\000r\000e\000f\000i\000n\000e\000m\000e\000n\000t}{section.1.1}% 7
\BOOKMARK [2][-]{subsection.1.1.3}{\376\377\000R\000e\000s\000t\000r\000i\000c\000t\000e\000d\000\040\000E\000M\000\040\000f\000o\000r\000\040\000S\000k\000e\000l\000l\000a\000m\000\040\000u\000n\000d\000e\000r\000\040\000k\000e\000y\000\040\000c\000o\000n\000s\000t\000r\000a\000i\000n\000t\000s}{section.1.1}% 8
\BOOKMARK [2][-]{subsection.1.1.4}{\376\377\000B\000r\000a\000d\000l\000e\000y\040\023\000T\000e\000r\000r\000y\000\040\000/\000\040\000T\000h\000u\000r\000s\000t\000o\000n\000e\000\040\000F\000o\000u\000n\000d\000a\000t\000i\000o\000n\000s}{section.1.1}% 9
\BOOKMARK [2][-]{subsection.1.1.5}{\376\377\000E\000l\000o\000\040\000a\000n\000d\000\040\000M\000a\000r\000g\000i\000n\000-\000A\000w\000a\000r\000e\000\040\000V\000a\000r\000i\000a\000n\000t\000s}{section.1.1}% 10
\BOOKMARK [2][-]{subsection.1.1.6}{\376\377\000H\000a\000r\000v\000i\000l\000l\000e\040\031\000s\000\040\000L\000i\000n\000e\000a\000r\000\040\000M\000i\000x\000e\000d\000\040\000M\000o\000d\000e\000l\000s\000\040\000f\000o\000r\000\040\000N\000F\000L}{section.1.1}% 11
\BOOKMARK [2][-]{subsection.1.1.7}{\376\377\000G\000l\000i\000c\000k\000m\000a\000n\040\023\000S\000t\000e\000r\000n\000\040\000S\000t\000a\000t\000e\000-\000S\000p\000a\000c\000e\000\040\000M\000o\000d\000e\000l}{section.1.1}% 12
\BOOKMARK [1][-]{section.1.2}{\376\377\000S\000c\000o\000r\000e\000\040\000/\000\040\000M\000a\000r\000g\000i\000n\000\040\000D\000i\000s\000t\000r\000i\000b\000u\000t\000i\000o\000n\000s}{chapter.1}% 13
\BOOKMARK [2][-]{subsection.1.2.1}{\376\377\000I\000n\000d\000e\000p\000e\000n\000d\000e\000n\000t\000\040\000P\000o\000i\000s\000s\000o\000n\000\040\000+\000\040\000D\000i\000x\000o\000n\000-\000C\000o\000l\000e\000s\000\040\000A\000d\000j\000u\000s\000t\000m\000e\000n\000t}{section.1.2}% 14
\BOOKMARK [2][-]{subsection.1.2.2}{\376\377\000B\000i\000v\000a\000r\000i\000a\000t\000e\000\040\000P\000o\000i\000s\000s\000o\000n\000\040\000v\000i\000a\000\040\000S\000h\000a\000r\000e\000d\000\040\000C\000o\000m\000p\000o\000n\000e\000n\000t}{section.1.2}% 15
\BOOKMARK [2][-]{subsection.1.2.3}{\376\377\000D\000y\000n\000a\000m\000i\000c\000\040\000B\000i\000v\000a\000r\000i\000a\000t\000e\000\040\000P\000o\000i\000s\000s\000o\000n\000\040\000M\000o\000d\000e\000l\000s}{section.1.2}% 16
\BOOKMARK [2][-]{subsection.1.2.4}{\376\377\000S\000k\000e\000l\000l\000a\000m\000\040\000M\000a\000r\000g\000i\000n\000s\000\040\000a\000n\000d\000\040\000K\000e\000y\000-\000N\000u\000m\000b\000e\000r\000\040\000R\000e\000w\000e\000i\000g\000h\000t\000i\000n\000g}{section.1.2}% 17
\BOOKMARK [2][-]{subsection.1.2.5}{\376\377\000Z\000e\000r\000o\000-\000I\000n\000f\000l\000a\000t\000e\000d\000\040\000a\000n\000d\000\040\000H\000u\000r\000d\000l\000e\000\040\000M\000o\000d\000e\000l\000s}{section.1.2}% 18
\BOOKMARK [2][-]{subsection.1.2.6}{\376\377\000P\000r\000o\000p\000e\000r\000\040\000s\000c\000o\000r\000i\000n\000g\000\040\000r\000u\000l\000e\000s\000\040\000a\000n\000d\000\040\000r\000e\000l\000i\000a\000b\000i\000l\000i\000t\000y}{section.1.2}% 19
\BOOKMARK [1][-]{section.1.3}{\376\377\000C\000a\000l\000i\000b\000r\000a\000t\000i\000o\000n\000,\000\040\000S\000c\000o\000r\000i\000n\000g\000\040\000\046\000\040\000U\000n\000c\000e\000r\000t\000a\000i\000n\000t\000y}{chapter.1}% 20
\BOOKMARK [2][-]{subsection.1.3.1}{\376\377\000S\000c\000o\000r\000i\000n\000g\000\040\000R\000u\000l\000e\000s}{section.1.3}% 21
\BOOKMARK [2][-]{subsection.1.3.2}{\376\377\000U\000n\000c\000e\000r\000t\000a\000i\000n\000t\000y\000\040\000Q\000u\000a\000n\000t\000i\000f\000i\000c\000a\000t\000i\000o\000n}{section.1.3}% 22
\BOOKMARK [2][-]{subsection.1.3.3}{\376\377\000E\000v\000a\000l\000u\000a\000t\000i\000o\000n\000\040\000P\000r\000o\000t\000o\000c\000o\000l\000s}{section.1.3}% 23
\BOOKMARK [2][-]{subsection.1.3.4}{\376\377\000R\000o\000b\000u\000s\000t\000n\000e\000s\000s\000\040\000C\000h\000e\000c\000k\000s}{section.1.3}% 24
\BOOKMARK [1][-]{section.1.4}{\376\377\000M\000a\000c\000h\000i\000n\000e\000\040\000L\000e\000a\000r\000n\000i\000n\000g\000\040\000M\000o\000d\000e\000l\000s\000\040\000i\000n\000\040\000N\000F\000L\000\040\000P\000r\000e\000d\000i\000c\000t\000i\000o\000n}{chapter.1}% 25
\BOOKMARK [2][-]{subsection.1.4.1}{\376\377\000F\000e\000a\000t\000u\000r\000e\000\040\000S\000e\000t\000s\000\040\000a\000n\000d\000\040\000I\000n\000t\000e\000r\000a\000c\000t\000i\000o\000n\000s}{section.1.4}% 26
\BOOKMARK [2][-]{subsection.1.4.2}{\376\377\000R\000e\000g\000u\000l\000a\000r\000i\000z\000a\000t\000i\000o\000n\000,\000\040\000C\000a\000l\000i\000b\000r\000a\000t\000i\000o\000n\000\040\000\046\000\040\000R\000o\000b\000u\000s\000t\000n\000e\000s\000s}{section.1.4}% 27
\BOOKMARK [1][-]{section.1.5}{\376\377\000R\000e\000i\000n\000f\000o\000r\000c\000e\000m\000e\000n\000t\000\040\000L\000e\000a\000r\000n\000i\000n\000g\000\040\000f\000o\000r\000\040\000B\000e\000t\000t\000i\000n\000g}{chapter.1}% 28
\BOOKMARK [2][-]{subsection.1.5.1}{\376\377\000M\000D\000P\000\040\000F\000o\000r\000m\000u\000l\000a\000t\000i\000o\000n\000\040\000f\000o\000r\000\040\000B\000e\000t\000t\000i\000n\000g}{section.1.5}% 29
\BOOKMARK [2][-]{subsection.1.5.2}{\376\377\000R\000L\000\040\000A\000l\000g\000o\000r\000i\000t\000h\000m\000s\000\040\000a\000n\000d\000\040\000O\000f\000f\000l\000i\000n\000e\000\040\000T\000r\000a\000i\000n\000i\000n\000g}{section.1.5}% 30
\BOOKMARK [2][-]{subsection.1.5.3}{\376\377\000O\000f\000f\000-\000P\000o\000l\000i\000c\000y\000\040\000E\000v\000a\000l\000u\000a\000t\000i\000o\000n}{section.1.5}% 31
\BOOKMARK [1][-]{section.1.6}{\376\377\000B\000e\000t\000t\000i\000n\000g\000\040\000M\000a\000r\000k\000e\000t\000\040\000T\000h\000e\000o\000r\000y\000\040\000\046\000\040\000M\000i\000c\000r\000o\000s\000t\000r\000u\000c\000t\000u\000r\000e}{chapter.1}% 32
\BOOKMARK [2][-]{subsection.1.6.1}{\376\377\000E\000c\000o\000n\000o\000m\000i\000c\000s\000\040\000o\000f\000\040\000W\000a\000g\000e\000r\000i\000n\000g\000\040\000M\000a\000r\000k\000e\000t\000s}{section.1.6}% 33
\BOOKMARK [2][-]{subsection.1.6.2}{\376\377\000C\000l\000o\000s\000i\000n\000g\000-\000L\000i\000n\000e\000\040\000E\000f\000f\000i\000c\000i\000e\000n\000c\000y\000\040\000a\000n\000d\000\040\000B\000i\000a\000s\000e\000s}{section.1.6}% 34
\BOOKMARK [2][-]{subsection.1.6.3}{\376\377\000C\000r\000o\000s\000s\000-\000M\000a\000r\000k\000e\000t\000\040\000D\000e\000p\000e\000n\000d\000e\000n\000c\000e}{section.1.6}% 35
\BOOKMARK [2][-]{subsection.1.6.4}{\376\377\000M\000a\000r\000k\000e\000t\000\040\000a\000s\000\040\000S\000i\000g\000n\000a\000l\000\040\000a\000n\000d\000\040\000B\000e\000n\000c\000h\000m\000a\000r\000k}{section.1.6}% 36
\BOOKMARK [1][-]{section.1.7}{\376\377\000D\000e\000s\000i\000g\000n\000\040\000S\000y\000n\000t\000h\000e\000s\000i\000s\000\040\000a\000n\000d\000\040\000I\000m\000p\000l\000i\000c\000a\000t\000i\000o\000n\000s}{chapter.1}% 37
\BOOKMARK [1][-]{section.1.8}{\376\377\000A\000n\000n\000o\000t\000a\000t\000e\000d\000\040\000R\000e\000a\000d\000i\000n\000g\000\040\000L\000i\000s\000t}{chapter.1}% 38
\BOOKMARK [1][-]{section.1.9}{\376\377\000C\000a\000n\000o\000n\000i\000c\000a\000l\000\040\000W\000o\000r\000k\000s\000\040\000I\000n\000t\000e\000g\000r\000a\000t\000e\000d}{chapter.1}% 39
\BOOKMARK [1][-]{section.1.10}{\376\377\000C\000l\000a\000s\000s\000i\000c\000a\000l\000\040\000v\000s\000\040\000M\000o\000d\000e\000r\000n\000:\000\040\000A\000\040\000C\000o\000m\000p\000a\000r\000a\000t\000i\000v\000e\000\040\000S\000y\000n\000t\000h\000e\000s\000i\000s}{chapter.1}% 40
\BOOKMARK [2][-]{subsection.1.10.1}{\376\377\000W\000h\000e\000n\000\040\000C\000l\000a\000s\000s\000i\000c\000a\000l\000\040\000W\000i\000n\000s}{section.1.10}% 41
\BOOKMARK [2][-]{subsection.1.10.2}{\376\377\000W\000h\000e\000n\000\040\000M\000L\000\040\000W\000i\000n\000s}{section.1.10}% 42
\BOOKMARK [2][-]{subsection.1.10.3}{\376\377\000B\000r\000i\000d\000g\000i\000n\000g\000\040\000t\000o\000\040\000D\000e\000c\000i\000s\000i\000o\000n\000\040\000V\000a\000l\000u\000e}{section.1.10}% 43
\BOOKMARK [1][-]{section.1.11}{\376\377\000F\000r\000o\000m\000\040\000S\000c\000o\000r\000e\000\040\000D\000i\000s\000t\000r\000i\000b\000u\000t\000i\000o\000n\000s\000\040\000t\000o\000\040\000S\000t\000r\000a\000t\000e\000g\000y}{chapter.1}% 44
\BOOKMARK [1][-]{section.1.12}{\376\377\000C\000a\000l\000i\000b\000r\000a\000t\000i\000o\000n\000\040\000T\000h\000e\000o\000r\000y\000\040\000a\000n\000d\000\040\000S\000c\000o\000r\000i\000n\000g\000\040\000R\000u\000l\000e\000s}{chapter.1}% 45
\BOOKMARK [1][-]{section.1.13}{\376\377\000M\000a\000p\000p\000i\000n\000g\000\040\000M\000o\000d\000e\000l\000s\000\040\000t\000o\000\040\000D\000e\000c\000i\000s\000i\000o\000n\000\040\000V\000a\000l\000u\000e}{chapter.1}% 46
\BOOKMARK [1][-]{section.1.14}{\376\377\000M\000a\000r\000k\000e\000t\000\040\000E\000f\000f\000i\000c\000i\000e\000n\000c\000y\000\040\000a\000n\000d\000\040\000B\000i\000a\000s\000\040\000T\000e\000s\000t\000s}{chapter.1}% 47
\BOOKMARK [1][-]{section.1.15}{\376\377\000S\000y\000n\000t\000h\000e\000s\000i\000s\000\040\000a\000n\000d\000\040\000O\000p\000e\000n\000\040\000Q\000u\000e\000s\000t\000i\000o\000n\000s}{chapter.1}% 48
\BOOKMARK [1][-]{section.1.16}{\376\377\000R\000e\000l\000a\000t\000e\000d\000\040\000W\000o\000r\000k\000\040\000B\000e\000y\000o\000n\000d\000\040\000F\000o\000o\000t\000b\000a\000l\000l}{chapter.1}% 49
\BOOKMARK [1][-]{section.1.17}{\376\377\000E\000x\000t\000e\000n\000d\000e\000d\000\040\000N\000o\000t\000e\000s\000\040\000o\000n\000\040\000C\000a\000l\000i\000b\000r\000a\000t\000i\000o\000n}{chapter.1}% 50
\BOOKMARK [1][-]{section.1.18}{\376\377\000L\000i\000q\000u\000i\000d\000i\000t\000y\000,\000\040\000L\000i\000m\000i\000t\000s\000,\000\040\000a\000n\000d\000\040\000E\000x\000e\000c\000u\000t\000i\000o\000n}{chapter.1}% 51
\BOOKMARK [1][-]{section.1.19}{\376\377\000T\000e\000a\000s\000e\000r\000s\000\040\000a\000n\000d\000\040\000P\000a\000r\000l\000a\000y\000s}{chapter.1}% 52
