
Attaching package: ‘dplyr’

The following objects are masked from ‘package:stats’:

    filter, lag

The following objects are masked from ‘package:base’:

    intersect, setdiff, setequal, union

=== NFL Roster & Player Data Backfill ===

Creating players table...
[1] 0
[1] 0
[1] 0
Creating rosters table...
[1] 0
Loading rosters from nflreadr for seasons 1999 to 2024 ...
Loaded 63343 roster-week entries

Extracting unique players...
Found 15225 unique players
Writing players to database...
✓ Wrote 15225 players

Processing rosters by season...

1999 : No data
2000 : No data
2001 : No data
Error: COPY returned error : ERROR:  duplicate key value violates unique constraint "rosters_pkey"
DETAIL:  Key (season, week, team, player_id)=(2002, 17, JAX, 00-0016098) already exists.
CONTEXT:  COPY rosters, line 898
Execution halted
