
Attaching package: ‘dplyr’

The following objects are masked from ‘package:stats’:

    filter, lag

The following objects are masked from ‘package:base’:

    intersect, setdiff, setequal, union

=== NFL Roster & Player Data Backfill ===

Creating players table...
NOTICE:  table "players" does not exist, skipping

[1] 0
[1] 0
Creating rosters table...
NOTICE:  table "rosters" does not exist, skipping

[1] 0
[1] 0
Loading rosters from nflreadr for seasons 1999 to 2024 ...
Loaded 63343 roster-week entries

Extracting unique players...
Error in `transmute()`:
ℹ In argument: `rookie_year = rookie_season`.
Caused by error:
! object 'rookie_season' not found
Backtrace:
     ▆
  1. ├─... %>% filter(!is.na(player_id))
  2. ├─dplyr::filter(., !is.na(player_id))
  3. ├─dplyr::transmute(...)
  4. ├─dplyr:::transmute.data.frame(...)
  5. │ └─dplyr:::mutate_cols(.data, dots, by)
  6. │   ├─base::withCallingHandlers(...)
  7. │   └─dplyr:::mutate_col(dots[[i]], data, mask, new_columns)
  8. │     └─mask$eval_all_mutate(quo)
  9. │       └─dplyr (local) eval()
 10. └─base::.handleSimpleError(...)
 11.   └─dplyr (local) h(simpleError(msg, call))
 12.     └─rlang::abort(message, class = error_class, parent = parent, call = error_call)
Execution halted
