
Attaching package: ‘dplyr’

The following objects are masked from ‘package:stats’:

    filter, lag

The following objects are masked from ‘package:base’:

    intersect, setdiff, setequal, union

=== NFL Roster & Player Data Backfill ===

Creating players table...
NOTICE:  drop cascades to constraint rosters_player_id_fkey on table rosters

[1] 0
[1] 0
Creating rosters table...
[1] 0
[1] 0
Loading rosters from nflreadr for seasons 1999 to 2024 ...
Loaded 63343 roster-week entries

Extracting unique players...
Found 15225 unique players
Writing players to database...
Error: Failed to fetch row : ERROR:  cannot drop table players because other objects depend on it
DETAIL:  constraint rosters_player_id_fkey on table rosters depends on table players
HINT:  Use DROP ... CASCADE to drop the dependent objects too.
Execution halted
