/Users/dro/rice/nfl-analytics/py/features/asof_features_enhanced.py:215: UserWarning: pandas only supports SQLAlchemy connectable (engine/connection) or database string URI or sqlite3 DBAPI2 connection. Other DBAPI2 objects are not tested. Please consider using SQLAlchemy.
  return pd.read_sql(SQL_TEAM_BASE_ENHANCED, conn)
=== Enhanced As-Of Feature Generation ===
Connecting to database...
Fetching team-game data with enhanced metrics...
Loaded 14526 team-game records
Computing team history with enhanced features...
Validating team history...
✓ Validation passed
Pivoting to game-level format...
Filtered to 6219 games (seasons >= 2003)
Writing to analysis/features/asof_team_features_enhanced_2025.csv...
✓ Feature generation complete: 6219 games, 157 columns

New enhanced features (29):
  - away_prior_air_yards
  - away_prior_cpoe
  - away_prior_explosive_pass_rate
  - away_prior_explosive_rush_rate
  - away_prior_penalty_yards_avg
  - away_prior_shotgun_rate
  - away_prior_success_rate
  - away_prior_turnovers_avg
  - away_prior_turnovers_opp_avg
  - away_success_rate_last3
  - away_success_rate_last5
  - home_prior_air_yards
  - home_prior_cpoe
  - home_prior_explosive_pass_rate
  - home_prior_explosive_rush_rate
  - home_prior_penalty_yards_avg
  - home_prior_shotgun_rate
  - home_prior_success_rate
  - home_prior_turnovers_avg
  - home_prior_turnovers_opp_avg
  ... and 9 more
