Installing missing CRAN packages...
Installing missing GitHub packages...
Package installation complete!
Core packages loaded!
=== 2025 NFL Season Data Ingestion ===
Started: 2025-10-04 09:18:45 

1. Loading 2025 schedules...
   Found 272 games
   Completed games: 65 
   Upserting 272 games...
[1] 0
   ✓ Games ingested

2. Loading 2025 play-by-play...
   Found 11239 plays from 65 games
Error in `select()`:
! Can't select columns that don't exist.
✖ Column `quarter` doesn't exist.
Backtrace:
     ▆
  1. ├─pbp %>% ...
  2. ├─dplyr::select(...)
  3. ├─dplyr:::select.data.frame(...)
  4. │ └─tidyselect::eval_select(expr(c(...)), data = .data, error_call = error_call)
  5. │   └─tidyselect:::eval_select_impl(...)
  6. │     ├─tidyselect:::with_subscript_errors(...)
  7. │     │ └─base::withCallingHandlers(...)
  8. │     └─tidyselect:::vars_select_eval(...)
  9. │       └─tidyselect:::walk_data_tree(expr, data_mask, context_mask)
 10. │         └─tidyselect:::eval_c(expr, data_mask, context_mask)
 11. │           └─tidyselect:::reduce_sels(node, data_mask, context_mask, init = init)
 12. │             └─tidyselect:::walk_data_tree(new, data_mask, context_mask)
 13. │               └─tidyselect:::as_indices_sel_impl(...)
 14. │                 └─tidyselect:::as_indices_impl(...)
 15. │                   └─tidyselect:::chr_as_locations(x, vars, call = call, arg = arg)
 16. │                     └─vctrs::vec_as_location(...)
 17. └─vctrs (local) `<fn>`()
 18.   └─vctrs:::stop_subscript_oob(...)
 19.     └─vctrs:::stop_subscript(...)
 20.       └─rlang::abort(...)
Execution halted
